[    13.630] (--) Log file renamed from "/home/rico6210/.local/share/xorg/Xorg.pid-1460.log" to "/home/rico6210/.local/share/xorg/Xorg.0.log"
[    13.631] 
X.Org X Server 1.20.4
X Protocol Version 11, Revision 0
[    13.631] Build Operating System: Linux 4.4.0-148-generic x86_64 Ubuntu
[    13.631] Current Operating System: Linux rico6210-VirtualBox 5.3.0-40-generic #32~18.04.1-Ubuntu SMP Mon Feb 3 14:05:59 UTC 2020 x86_64
[    13.631] Kernel command line: BOOT_IMAGE=/boot/vmlinuz-5.3.0-40-generic root=UUID=0cbdd63f-582b-45e9-90ee-0cd344032665 ro quiet splash
[    13.631] Build Date: 02 May 2019  08:06:54AM
[    13.631] xorg-server-hwe-18.04 2:1.20.4-1ubuntu3~18.04.1 (For technical support please see http://www.ubuntu.com/support) 
[    13.631] Current version of pixman: 0.34.0
[    13.631] 	Before reporting problems, check http://wiki.x.org
	to make sure that you have the latest version.
[    13.631] Markers: (--) probed, (**) from config file, (==) default setting,
	(++) from command line, (!!) notice, (II) informational,
	(WW) warning, (EE) error, (NI) not implemented, (??) unknown.
[    13.632] (==) Log file: "/home/rico6210/.local/share/xorg/Xorg.0.log", Time: Sun Mar 29 21:14:48 2020
[    13.633] (==) Using system config directory "/usr/share/X11/xorg.conf.d"
[    13.635] (==) No Layout section.  Using the first Screen section.
[    13.635] (==) No screen section available. Using defaults.
[    13.635] (**) |-->Screen "Default Screen Section" (0)
[    13.635] (**) |   |-->Monitor "<default monitor>"
[    13.636] (==) No monitor specified for screen "Default Screen Section".
	Using a default monitor configuration.
[    13.636] (==) Automatically adding devices
[    13.636] (==) Automatically enabling devices
[    13.636] (==) Automatically adding GPU devices
[    13.636] (==) Automatically binding GPU devices
[    13.636] (==) Max clients allowed: 256, resource mask: 0x1fffff
[    13.638] (WW) The directory "/usr/share/fonts/X11/cyrillic" does not exist.
[    13.638] 	Entry deleted from font path.
[    13.638] (WW) The directory "/usr/share/fonts/X11/100dpi/" does not exist.
[    13.638] 	Entry deleted from font path.
[    13.638] (WW) The directory "/usr/share/fonts/X11/75dpi/" does not exist.
[    13.638] 	Entry deleted from font path.
[    13.639] (WW) The directory "/usr/share/fonts/X11/100dpi" does not exist.
[    13.639] 	Entry deleted from font path.
[    13.639] (WW) The directory "/usr/share/fonts/X11/75dpi" does not exist.
[    13.639] 	Entry deleted from font path.
[    13.639] (==) FontPath set to:
	/usr/share/fonts/X11/misc,
	/usr/share/fonts/X11/Type1,
	built-ins
[    13.639] (==) ModulePath set to "/usr/lib/xorg/modules"
[    13.639] (II) The server relies on udev to provide the list of input devices.
	If no devices become available, reconfigure udev or disable AutoAddDevices.
[    13.639] (II) Loader magic: 0x55f90d8c6020
[    13.639] (II) Module ABI versions:
[    13.639] 	X.Org ANSI C Emulation: 0.4
[    13.639] 	X.Org Video Driver: 24.0
[    13.639] 	X.Org XInput driver : 24.1
[    13.639] 	X.Org Server Extension : 10.0
[    13.640] (++) using VT number 1

[    13.643] (II) systemd-logind: took control of session /org/freedesktop/login1/session/_31
[    13.644] (II) xfree86: Adding drm device (/dev/dri/card0)
[    13.650] (II) systemd-logind: got fd for /dev/dri/card0 226:0 fd 12 paused 0
[    13.652] (--) PCI:*(0@0:2:0) 15ad:0405:15ad:0405 rev 0, Mem @ 0xf0000000/16777216, 0xf1000000/2097152, I/O @ 0x0000d010/16, BIOS @ 0x????????/131072
[    13.652] (II) LoadModule: "glx"
[    13.654] (II) Loading /usr/lib/xorg/modules/extensions/libglx.so
[    13.664] (II) Module glx: vendor="X.Org Foundation"
[    13.664] 	compiled for 1.20.4, module version = 1.0.0
[    13.664] 	ABI class: X.Org Server Extension, version 10.0
[    13.664] (==) Matched vmware as autoconfigured driver 0
[    13.664] (==) Matched modesetting as autoconfigured driver 1
[    13.664] (==) Matched fbdev as autoconfigured driver 2
[    13.664] (==) Matched vesa as autoconfigured driver 3
[    13.664] (==) Assigned the driver to the xf86ConfigLayout
[    13.664] (II) LoadModule: "vmware"
[    13.664] (II) Loading /usr/lib/xorg/modules/drivers/vmware_drv.so
[    13.789] (II) Module vmware: vendor="X.Org Foundation"
[    13.789] 	compiled for 1.20.1, module version = 13.3.0
[    13.789] 	Module class: X.Org Video Driver
[    13.789] 	ABI class: X.Org Video Driver, version 24.0
[    13.789] (II) LoadModule: "modesetting"
[    13.789] (II) Loading /usr/lib/xorg/modules/drivers/modesetting_drv.so
[    13.791] (II) Module modesetting: vendor="X.Org Foundation"
[    13.791] 	compiled for 1.20.4, module version = 1.20.4
[    13.791] 	Module class: X.Org Video Driver
[    13.791] 	ABI class: X.Org Video Driver, version 24.0
[    13.791] (II) LoadModule: "fbdev"
[    13.791] (II) Loading /usr/lib/xorg/modules/drivers/fbdev_drv.so
[    13.791] (II) Module fbdev: vendor="X.Org Foundation"
[    13.791] 	compiled for 1.20.1, module version = 0.5.0
[    13.791] 	Module class: X.Org Video Driver
[    13.791] 	ABI class: X.Org Video Driver, version 24.0
[    13.791] (II) LoadModule: "vesa"
[    13.792] (II) Loading /usr/lib/xorg/modules/drivers/vesa_drv.so
[    13.792] (II) Module vesa: vendor="X.Org Foundation"
[    13.792] 	compiled for 1.20.1, module version = 2.4.0
[    13.792] 	Module class: X.Org Video Driver
[    13.792] 	ABI class: X.Org Video Driver, version 24.0
[    13.792] (II) vmware: driver for VMware SVGA: vmware0405, vmware0710
[    13.792] (II) modesetting: Driver for Modesetting Kernel Drivers: kms
[    13.792] (II) FBDEV: driver for framebuffer: fbdev
[    13.792] (II) VESA: driver for VESA chipsets: vesa
[    13.792] xf86EnableIOPorts: failed to set IOPL for I/O (Operation not permitted)
[    13.792] (WW) Falling back to old probe method for modesetting
[    13.792] (WW) Falling back to old probe method for fbdev
[    13.792] (II) Loading sub module "fbdevhw"
[    13.792] (II) LoadModule: "fbdevhw"
[    13.793] (II) Loading /usr/lib/xorg/modules/libfbdevhw.so
[    13.794] (II) Module fbdevhw: vendor="X.Org Foundation"
[    13.794] 	compiled for 1.20.4, module version = 0.0.2
[    13.794] 	ABI class: X.Org Video Driver, version 24.0
[    13.794] (EE) open /dev/fb0: Permission denied
[    13.794] (WW) VGA arbiter: cannot open kernel arbiter, no multi-card support
[    13.794] (II) vmware(0): Creating default Display subsection in Screen section
	"Default Screen Section" for depth/fbbpp 24/32
[    13.794] (--) vmware(0): DRM driver version is 2.15.0
[    13.794] (==) vmware(0): Depth 24, (--) framebuffer bpp 32
[    13.794] (==) vmware(0): RGB weight 888
[    13.794] (==) vmware(0): Default visual is TrueColor
[    13.794] (--) vmware(0): Min width 1, Max Width 8192.
[    13.794] (--) vmware(0): Min height 1, Max Height 8192.
[    13.794] (II) vmware(0): Output Virtual1 has no monitor section
[    13.794] (II) vmware(0): Output Virtual2 has no monitor section
[    13.794] (II) vmware(0): Output Virtual3 has no monitor section
[    13.794] (II) vmware(0): Output Virtual4 has no monitor section
[    13.794] (II) vmware(0): Output Virtual5 has no monitor section
[    13.794] (II) vmware(0): Output Virtual6 has no monitor section
[    13.794] (II) vmware(0): Output Virtual7 has no monitor section
[    13.794] (II) vmware(0): Output Virtual8 has no monitor section
[    13.794] (II) vmware(0): Printing probed modes for output Virtual1
[    13.794] (II) vmware(0): Modeline "1920x914"x60.0  132.14  1920 1970 2020 2070  914 964 1014 1064 -hsync +vsync (63.8 kHz eP)
[    13.794] (II) vmware(0): Modeline "2560x1600"x60.0  348.50  2560 2752 3032 3504  1600 1603 1609 1658 -hsync +vsync (99.5 kHz e)
[    13.794] (II) vmware(0): Modeline "1920x1440"x60.0  234.00  1920 2048 2256 2600  1440 1441 1444 1500 -hsync +vsync (90.0 kHz e)
[    13.794] (II) vmware(0): Modeline "1856x1392"x60.0  218.25  1856 1952 2176 2528  1392 1393 1396 1439 -hsync +vsync (86.3 kHz e)
[    13.794] (II) vmware(0): Modeline "1792x1344"x60.0  204.75  1792 1920 2120 2448  1344 1345 1348 1394 -hsync +vsync (83.6 kHz e)
[    13.794] (II) vmware(0): Modeline "1920x1200"x59.9  193.25  1920 2056 2256 2592  1200 1203 1209 1245 -hsync +vsync (74.6 kHz e)
[    13.794] (II) vmware(0): Modeline "1600x1200"x60.0  162.00  1600 1664 1856 2160  1200 1201 1204 1250 +hsync +vsync (75.0 kHz e)
[    13.794] (II) vmware(0): Modeline "1680x1050"x60.0  146.25  1680 1784 1960 2240  1050 1053 1059 1089 -hsync +vsync (65.3 kHz e)
[    13.794] (II) vmware(0): Modeline "1400x1050"x60.0  121.75  1400 1488 1632 1864  1050 1053 1057 1089 -hsync +vsync (65.3 kHz e)
[    13.794] (II) vmware(0): Modeline "1280x1024"x60.0  108.00  1280 1328 1440 1688  1024 1025 1028 1066 +hsync +vsync (64.0 kHz e)
[    13.794] (II) vmware(0): Modeline "1440x900"x59.9  106.50  1440 1520 1672 1904  900 903 909 934 -hsync +vsync (55.9 kHz e)
[    13.794] (II) vmware(0): Modeline "1280x960"x60.0  108.00  1280 1376 1488 1800  960 961 964 1000 +hsync +vsync (60.0 kHz e)
[    13.794] (II) vmware(0): Modeline "1360x768"x60.0   85.50  1360 1424 1536 1792  768 771 777 795 +hsync +vsync (47.7 kHz e)
[    13.794] (II) vmware(0): Modeline "1280x800"x59.8   83.50  1280 1352 1480 1680  800 803 809 831 +hsync -vsync (49.7 kHz e)
[    13.794] (II) vmware(0): Modeline "1152x864"x75.0  108.00  1152 1216 1344 1600  864 865 868 900 +hsync +vsync (67.5 kHz e)
[    13.794] (II) vmware(0): Modeline "1280x768"x59.9   79.50  1280 1344 1472 1664  768 771 778 798 -hsync +vsync (47.8 kHz e)
[    13.794] (II) vmware(0): Modeline "1024x768"x60.0   65.00  1024 1048 1184 1344  768 771 777 806 -hsync -vsync (48.4 kHz e)
[    13.794] (II) vmware(0): Modeline "800x600"x60.3   40.00  800 840 968 1056  600 601 605 628 +hsync +vsync (37.9 kHz e)
[    13.794] (II) vmware(0): Modeline "640x480"x59.9   25.18  640 656 752 800  480 489 492 525 -hsync -vsync (31.5 kHz e)
[    13.794] (II) vmware(0): EDID for output Virtual2
[    13.794] (II) vmware(0): EDID for output Virtual3
[    13.794] (II) vmware(0): EDID for output Virtual4
[    13.794] (II) vmware(0): EDID for output Virtual5
[    13.794] (II) vmware(0): EDID for output Virtual6
[    13.796] (II) vmware(0): EDID for output Virtual7
[    13.796] (II) vmware(0): EDID for output Virtual8
[    13.796] (II) vmware(0): Output Virtual1 connected
[    13.796] (II) vmware(0): Output Virtual2 disconnected
[    13.796] (II) vmware(0): Output Virtual3 disconnected
[    13.796] (II) vmware(0): Output Virtual4 disconnected
[    13.796] (II) vmware(0): Output Virtual5 disconnected
[    13.796] (II) vmware(0): Output Virtual6 disconnected
[    13.796] (II) vmware(0): Output Virtual7 disconnected
[    13.796] (II) vmware(0): Output Virtual8 disconnected
[    13.796] (II) vmware(0): Using exact sizes for initial modes
[    13.796] (II) vmware(0): Output Virtual1 using initial mode 1920x914 +0+0
[    13.796] (==) vmware(0): DPI set to (96, 96)
[    13.796] (==) vmware(0): Using gamma correction (1.0, 1.0, 1.0)
[    13.796] (II) Loading sub module "fb"
[    13.796] (II) LoadModule: "fb"
[    13.796] (II) Loading /usr/lib/xorg/modules/libfb.so
[    13.798] (II) Module fb: vendor="X.Org Foundation"
[    13.798] 	compiled for 1.20.4, module version = 1.0.0
[    13.798] 	ABI class: X.Org ANSI C Emulation, version 0.4
[    13.798] (II) Loading sub module "dri2"
[    13.798] (II) LoadModule: "dri2"
[    13.798] (II) Module "dri2" already built-in
[    13.798] (II) Loading sub module "dri3"
[    13.798] (II) LoadModule: "dri3"
[    13.798] (II) Module "dri3" already built-in
[    13.798] (II) UnloadModule: "modesetting"
[    13.798] (II) Unloading modesetting
[    13.798] (II) UnloadModule: "fbdev"
[    13.798] (II) Unloading fbdev
[    13.798] (II) UnloadSubModule: "fbdevhw"
[    13.798] (II) Unloading fbdevhw
[    13.798] (II) UnloadModule: "vesa"
[    13.798] (II) Unloading vesa
[    13.814] (II) vmware(0): Initialized VMWARE_CTRL extension version 0.2
[    13.822] (WW) vmware(0): Failed to initialize Gallium3D Xa. No render acceleration available.
[    13.822] (WW) vmware(0): Skipped initialization of direct rendering due to lack of render acceleration.
[    13.822] (--) vmware(0): Render acceleration is disabled.
[    13.823] (==) vmware(0): Rendercheck mode is disabled.
[    13.823] (--) vmware(0): Direct rendering (DRI2 3D) is disabled.
[    13.823] (--) vmware(0): Direct rendering (DRI3 3D) is disabled.
[    13.823] (==) vmware(0): Backing store enabled
[    13.823] (==) vmware(0): Silken mouse enabled
[    13.825] (==) vmware(0): DPMS enabled
[    13.825] (II) vmware(0): No 3D acceleration. Not setting up textured video.
[    13.825] (WW) vmware(0): Disabling Xv because no adaptors could be initialized.
[    13.825] (II) Initializing extension Generic Event Extension
[    13.825] (II) Initializing extension SHAPE
[    13.826] (II) Initializing extension MIT-SHM
[    13.826] (II) Initializing extension XInputExtension
[    13.829] (II) Initializing extension XTEST
[    13.832] (II) Initializing extension BIG-REQUESTS
[    13.833] (II) Initializing extension SYNC
[    13.833] (II) Initializing extension XKEYBOARD
[    13.833] (II) Initializing extension XC-MISC
[    13.833] (II) Initializing extension SECURITY
[    13.834] (II) Initializing extension XFIXES
[    13.834] (II) Initializing extension RENDER
[    13.834] (II) Initializing extension RANDR
[    13.837] (II) Initializing extension COMPOSITE
[    13.838] (II) Initializing extension DAMAGE
[    13.838] (II) Initializing extension MIT-SCREEN-SAVER
[    13.838] (II) Initializing extension DOUBLE-BUFFER
[    13.839] (II) Initializing extension RECORD
[    13.839] (II) Initializing extension DPMS
[    13.839] (II) Initializing extension Present
[    13.839] (II) Initializing extension DRI3
[    13.840] (II) Initializing extension X-Resource
[    13.841] (II) Initializing extension XVideo
[    13.842] (II) Initializing extension XVideo-MotionCompensation
[    13.842] (II) Initializing extension SELinux
[    13.842] (II) SELinux: Disabled on system
[    13.842] (II) Initializing extension GLX
[    13.843] (II) AIGLX: Screen 0 is not DRI2 capable
[    13.961] (II) IGLX: Loaded and initialized swrast
[    13.961] (II) GLX: Initialized DRISWRAST GL provider for screen 0
[    13.961] (II) Initializing extension XFree86-VidModeExtension
[    13.962] (II) Initializing extension XFree86-DGA
[    13.962] (II) Initializing extension XFree86-DRI
[    13.963] (II) Initializing extension DRI2
[    13.994] (II) vmware(0): Setting screen physical size to 508 x 241
[    14.145] (II) config/udev: Adding input device Power Button (/dev/input/event0)
[    14.145] (**) Power Button: Applying InputClass "libinput keyboard catchall"
[    14.145] (II) LoadModule: "libinput"
[    14.146] (II) Loading /usr/lib/xorg/modules/input/libinput_drv.so
[    14.151] (II) Module libinput: vendor="X.Org Foundation"
[    14.151] 	compiled for 1.20.1, module version = 0.28.1
[    14.151] 	Module class: X.Org XInput Driver
[    14.151] 	ABI class: X.Org XInput driver, version 24.1
[    14.151] (II) Using input driver 'libinput' for 'Power Button'
[    14.154] (II) systemd-logind: got fd for /dev/input/event0 13:64 fd 20 paused 0
[    14.154] (**) Power Button: always reports core events
[    14.154] (**) Option "Device" "/dev/input/event0"
[    14.154] (**) Option "_source" "server/udev"
[    14.154] (II) event0  - Power Button: is tagged by udev as: Keyboard
[    14.154] (II) event0  - Power Button: device is a keyboard
[    14.154] (II) event0  - Power Button: device removed
[    14.155] (**) Option "config_info" "udev:/sys/devices/LNXSYSTM:00/LNXPWRBN:00/input/input0/event0"
[    14.155] (II) XINPUT: Adding extended input device "Power Button" (type: KEYBOARD, id 6)
[    14.155] (**) Option "xkb_model" "pc105"
[    14.155] (**) Option "xkb_layout" "us"
[    14.155] (II) event0  - Power Button: is tagged by udev as: Keyboard
[    14.155] (II) event0  - Power Button: device is a keyboard
[    14.155] (II) config/udev: Adding input device Sleep Button (/dev/input/event1)
[    14.155] (**) Sleep Button: Applying InputClass "libinput keyboard catchall"
[    14.155] (II) Using input driver 'libinput' for 'Sleep Button'
[    14.159] (II) systemd-logind: got fd for /dev/input/event1 13:65 fd 23 paused 0
[    14.159] (**) Sleep Button: always reports core events
[    14.159] (**) Option "Device" "/dev/input/event1"
[    14.159] (**) Option "_source" "server/udev"
[    14.161] (II) event1  - Sleep Button: is tagged by udev as: Keyboard
[    14.161] (II) event1  - Sleep Button: device is a keyboard
[    14.161] (II) event1  - Sleep Button: device removed
[    14.161] (**) Option "config_info" "udev:/sys/devices/LNXSYSTM:00/LNXSLPBN:00/input/input1/event1"
[    14.162] (II) XINPUT: Adding extended input device "Sleep Button" (type: KEYBOARD, id 7)
[    14.162] (**) Option "xkb_model" "pc105"
[    14.162] (**) Option "xkb_layout" "us"
[    14.162] (II) event1  - Sleep Button: is tagged by udev as: Keyboard
[    14.163] (II) event1  - Sleep Button: device is a keyboard
[    14.163] (II) config/udev: Adding input device Video Bus (/dev/input/event3)
[    14.163] (**) Video Bus: Applying InputClass "libinput keyboard catchall"
[    14.163] (II) Using input driver 'libinput' for 'Video Bus'
[    14.166] (II) systemd-logind: got fd for /dev/input/event3 13:67 fd 24 paused 0
[    14.166] (**) Video Bus: always reports core events
[    14.166] (**) Option "Device" "/dev/input/event3"
[    14.166] (**) Option "_source" "server/udev"
[    14.168] (II) event3  - Video Bus: is tagged by udev as: Keyboard
[    14.168] (II) event3  - Video Bus: device is a keyboard
[    14.169] (II) event3  - Video Bus: device removed
[    14.169] (**) Option "config_info" "udev:/sys/devices/LNXSYSTM:00/LNXSYBUS:00/PNP0A03:00/LNXVIDEO:00/input/input4/event3"
[    14.169] (II) XINPUT: Adding extended input device "Video Bus" (type: KEYBOARD, id 8)
[    14.169] (**) Option "xkb_model" "pc105"
[    14.169] (**) Option "xkb_layout" "us"
[    14.170] (II) event3  - Video Bus: is tagged by udev as: Keyboard
[    14.170] (II) event3  - Video Bus: device is a keyboard
[    14.172] (II) config/udev: Adding input device VirtualBox mouse integration (/dev/input/event5)
[    14.172] (**) VirtualBox mouse integration: Applying InputClass "libinput pointer catchall"
[    14.173] (II) Using input driver 'libinput' for 'VirtualBox mouse integration'
[    14.175] (II) systemd-logind: got fd for /dev/input/event5 13:69 fd 25 paused 0
[    14.175] (**) VirtualBox mouse integration: always reports core events
[    14.175] (**) Option "Device" "/dev/input/event5"
[    14.175] (**) Option "_source" "server/udev"
[    14.176] (II) event5  - VirtualBox mouse integration: is tagged by udev as: Mouse
[    14.176] (II) event5  - VirtualBox mouse integration: device is a pointer
[    14.176] (II) event5  - VirtualBox mouse integration: device removed
[    14.176] (**) Option "config_info" "udev:/sys/devices/pci0000:00/0000:00:04.0/input/input6/event5"
[    14.176] (II) XINPUT: Adding extended input device "VirtualBox mouse integration" (type: MOUSE, id 9)
[    14.177] (**) Option "AccelerationScheme" "none"
[    14.177] (**) VirtualBox mouse integration: (accel) selected scheme none/0
[    14.177] (**) VirtualBox mouse integration: (accel) acceleration factor: 2.000
[    14.177] (**) VirtualBox mouse integration: (accel) acceleration threshold: 4
[    14.179] (II) event5  - VirtualBox mouse integration: is tagged by udev as: Mouse
[    14.179] (II) event5  - VirtualBox mouse integration: device is a pointer
[    14.180] (II) config/udev: Adding input device AT Translated Set 2 keyboard (/dev/input/event2)
[    14.180] (**) AT Translated Set 2 keyboard: Applying InputClass "libinput keyboard catchall"
[    14.180] (II) Using input driver 'libinput' for 'AT Translated Set 2 keyboard'
[    14.182] (II) systemd-logind: got fd for /dev/input/event2 13:66 fd 26 paused 0
[    14.182] (**) AT Translated Set 2 keyboard: always reports core events
[    14.183] (**) Option "Device" "/dev/input/event2"
[    14.183] (**) Option "_source" "server/udev"
[    14.183] (II) event2  - AT Translated Set 2 keyboard: is tagged by udev as: Keyboard
[    14.183] (II) event2  - AT Translated Set 2 keyboard: device is a keyboard
[    14.186] (II) event2  - AT Translated Set 2 keyboard: device removed
[    14.187] (**) Option "config_info" "udev:/sys/devices/platform/i8042/serio0/input/input2/event2"
[    14.187] (II) XINPUT: Adding extended input device "AT Translated Set 2 keyboard" (type: KEYBOARD, id 10)
[    14.187] (**) Option "xkb_model" "pc105"
[    14.187] (**) Option "xkb_layout" "us"
[    14.189] (II) event2  - AT Translated Set 2 keyboard: is tagged by udev as: Keyboard
[    14.189] (II) event2  - AT Translated Set 2 keyboard: device is a keyboard
[    14.190] (II) config/udev: Adding input device ImExPS/2 Generic Explorer Mouse (/dev/input/event4)
[    14.190] (**) ImExPS/2 Generic Explorer Mouse: Applying InputClass "libinput pointer catchall"
[    14.191] (II) Using input driver 'libinput' for 'ImExPS/2 Generic Explorer Mouse'
[    14.193] (II) systemd-logind: got fd for /dev/input/event4 13:68 fd 27 paused 0
[    14.194] (**) ImExPS/2 Generic Explorer Mouse: always reports core events
[    14.194] (**) Option "Device" "/dev/input/event4"
[    14.194] (**) Option "_source" "server/udev"
[    14.194] (II) event4  - ImExPS/2 Generic Explorer Mouse: is tagged by udev as: Mouse
[    14.194] (II) event4  - ImExPS/2 Generic Explorer Mouse: device is a pointer
[    14.195] (II) event4  - ImExPS/2 Generic Explorer Mouse: device removed
[    14.195] (**) Option "config_info" "udev:/sys/devices/platform/i8042/serio1/input/input5/event4"
[    14.195] (II) XINPUT: Adding extended input device "ImExPS/2 Generic Explorer Mouse" (type: MOUSE, id 11)
[    14.195] (**) Option "AccelerationScheme" "none"
[    14.195] (**) ImExPS/2 Generic Explorer Mouse: (accel) selected scheme none/0
[    14.195] (**) ImExPS/2 Generic Explorer Mouse: (accel) acceleration factor: 2.000
[    14.195] (**) ImExPS/2 Generic Explorer Mouse: (accel) acceleration threshold: 4
[    14.197] (II) event4  - ImExPS/2 Generic Explorer Mouse: is tagged by udev as: Mouse
[    14.197] (II) event4  - ImExPS/2 Generic Explorer Mouse: device is a pointer
[    14.198] (II) config/udev: Adding input device ImExPS/2 Generic Explorer Mouse (/dev/input/mouse0)
[    14.198] (II) No input driver specified, ignoring this device.
[    14.198] (II) This device may have been added with another device file.
[    44.439] (EE) client bug: timer event4 debounce short: offset negative (-0ms)
